13:45:04.437 [main] INFO  api.test.UserTest - ************** Create User ***************
13:45:05.914 [main] INFO  api.test.UserTest - ************** User Created ***************
13:45:05.923 [main] INFO  api.test.UserTest - ************** Read User ***************
13:45:06.016 [main] INFO  api.test.UserTest - ************** Read Success ***************
13:45:06.019 [main] INFO  api.test.UserTest - ************** Update User ***************
13:45:06.092 [main] INFO  api.test.UserTest - ************** User Updated ***************
13:45:06.273 [main] INFO  api.test.UserTest - ************** Delete User ***************
13:45:06.332 [main] INFO  api.test.UserTest - ************** User Deleted ***************
14:13:12.849 [main] INFO  api.test.UserTest - ************** Create User ***************
14:13:13.025 [main] INFO  api.test.UserTest - ************** User Created ***************
14:13:13.027 [main] INFO  api.test.UserTest - ************** Read User ***************
14:13:13.142 [main] INFO  api.test.UserTest - ************** Read Success ***************
14:13:13.143 [main] INFO  api.test.UserTest - ************** Update User ***************
14:13:13.653 [main] INFO  api.test.UserTest - ************** User Updated ***************
14:13:13.906 [main] INFO  api.test.UserTest - ************** Delete User ***************
14:13:13.996 [main] INFO  api.test.UserTest - ************** User Deleted ***************
14:24:43.005 [main] INFO  api.test.UserTest - ************** Create User ***************
14:24:43.649 [main] INFO  api.test.UserTest - ************** User Created ***************
14:24:43.650 [main] INFO  api.test.UserTest - ************** Read User ***************
14:24:43.793 [main] INFO  api.test.UserTest - ************** Read Success ***************
14:24:43.794 [main] INFO  api.test.UserTest - ************** Update User ***************
14:24:43.975 [main] INFO  api.test.UserTest - ************** User Updated ***************
14:24:44.044 [main] INFO  api.test.UserTest - ************** Delete User ***************
14:24:47.183 [main] INFO  api.test.UserTest - ************** User Deleted ***************
